2026-07-18T10:00:01+09:00 api INFO request_completed request_id=req-1001 method=GET path=/health status=200 duration_ms=12
2026-07-18T10:00:03+09:00 worker INFO job_started job_id=job-701 queue=default
2026-07-18T10:00:05+09:00 db INFO query_completed query=healthcheck duration_ms=4 rows=1
2026-07-18T10:00:18+09:00 api INFO request_completed request_id=req-1002 method=GET path=/products status=200 duration_ms=85
2026-07-18T10:01:04+09:00 worker WARN queue_delay queue=default queue_depth=18 wait_ms=420
2026-07-18T10:01:17+09:00 api WARN slow_request request_id=req-1003 method=GET path=/reports status=200 duration_ms=640
2026-07-18T10:01:29+09:00 db WARN slow_query query=report_summary duration_ms=590 rows=1200
2026-07-18T10:02:02+09:00 api ERROR request_failed request_id=req-1004 method=POST path=/login status=500 error=DB_TIMEOUT duration_ms=1200
2026-07-18T10:02:08+09:00 db ERROR connection_timeout error=CONN_TIMEOUT pool=primary active=20 idle=0
2026-07-18T10:02:14+09:00 worker ERROR job_failed job_id=job-702 queue=default error=DB_TIMEOUT attempts=3 duration_ms=1800
2026-07-18T10:02:33+09:00 api INFO request_completed request_id=req-1005 method=GET path=/products status=200 duration_ms=95
2026-07-18T10:03:01+09:00 worker INFO job_completed job_id=job-703 queue=default duration_ms=220
2026-07-18T10:03:16+09:00 api WARN rate_limit request_id=req-1006 path=/login status=429 client=192.0.2.50
2026-07-18T10:03:42+09:00 api ERROR request_failed request_id=req-1007 method=GET path=/orders status=503 error=UPSTREAM_UNAVAILABLE duration_ms=980
2026-07-18T10:04:03+09:00 worker WARN queue_delay queue=critical queue_depth=31 wait_ms=760
2026-07-18T10:04:20+09:00 db INFO query_completed query=product_list duration_ms=48 rows=80
2026-07-18T10:04:48+09:00 worker ERROR job_failed job_id=job-704 queue=critical error=UPSTREAM_UNAVAILABLE attempts=2 duration_ms=1400
2026-07-18T10:05:02+09:00 api INFO request_completed request_id=req-1008 method=GET path=/health status=200 duration_ms=15
2026-07-18T10:05:19+09:00 db WARN pool_pressure pool=primary active=18 idle=2 waiters=7
2026-07-18T10:05:44+09:00 api ERROR request_failed request_id=req-1009 method=POST path=/checkout status=500 duration_ms=1500 error=PAYMENT_TIMEOUT
2026-07-18T10:06:07+09:00 worker INFO job_completed job_id=job-705 duration_ms=310 queue=default
2026-07-18T10:06:25+09:00 api INFO request_completed request_id=req-1010 duration_ms=110 method=GET path=/orders status=200
2026-07-18T10:06:39+09:00 db INFO query_completed duration_ms=52 query=order_lookup rows=1
2026-07-18T10:07:01+09:00 api INFO request_completed request_id=req-1011 method=GET path=/health status=200 duration_ms=11
